12:59:49 Hybrid tokenizer, passthrough_prob=0.5
12:59:49 Model: 20.64M params, train=173, val=10
13:01:09 step=100 loss=0.13404 lr=4.00e-04 mode=passthrough t=79s
13:02:28 step=200 loss=0.10964 lr=8.00e-04 mode=passthrough t=158s
13:03:47 step=300 loss=0.09935 lr=1.20e-03 mode=passthrough t=237s
13:05:06 step=400 loss=0.07361 lr=1.60e-03 mode=passthrough t=317s
13:06:26 step=500 loss=0.07200 lr=2.00e-03 mode=all-discrete t=396s
13:07:45 step=600 loss=0.07368 lr=2.00e-03 mode=all-discrete t=475s
13:09:04 step=700 loss=0.05638 lr=2.00e-03 mode=all-discrete t=554s
13:09:51 VAL step=757 epoch=9 val=0.05546
13:09:52   New best: 0.05546
13:10:26 step=800 loss=0.05918 lr=2.00e-03 mode=passthrough t=636s
13:11:45 step=900 loss=0.05261 lr=2.00e-03 mode=passthrough t=715s
13:13:04 step=1000 loss=0.06250 lr=2.00e-03 mode=all-discrete t=794s
13:14:24 step=1100 loss=0.05340 lr=2.00e-03 mode=all-discrete t=874s
13:15:43 step=1200 loss=0.05114 lr=2.00e-03 mode=passthrough t=953s
13:17:02 step=1300 loss=0.04925 lr=2.00e-03 mode=passthrough t=1032s
13:18:22 step=1400 loss=0.05072 lr=2.00e-03 mode=passthrough t=1112s
13:19:41 step=1500 loss=0.04895 lr=2.00e-03 mode=all-discrete t=1191s
13:19:51 VAL step=1511 epoch=18 val=0.04507
13:19:52   New best: 0.04507
13:21:02 step=1600 loss=0.04646 lr=2.00e-03 mode=all-discrete t=1272s
13:22:22 step=1700 loss=0.04782 lr=2.00e-03 mode=all-discrete t=1352s
13:23:41 step=1800 loss=0.05019 lr=2.00e-03 mode=all-discrete t=1431s
13:25:00 step=1900 loss=0.04522 lr=2.00e-03 mode=all-discrete t=1510s
13:26:20 step=2000 loss=0.04445 lr=2.00e-03 mode=passthrough t=1590s
13:27:39 step=2100 loss=0.04166 lr=2.00e-03 mode=passthrough t=1669s
13:28:58 step=2200 loss=0.03862 lr=2.00e-03 mode=all-discrete t=1748s
13:29:52 VAL step=2265 epoch=27 val=0.04081
13:29:52   New best: 0.04081
13:30:20 step=2300 loss=0.04957 lr=2.00e-03 mode=all-discrete t=1830s
13:31:39 step=2400 loss=0.04272 lr=2.00e-03 mode=all-discrete t=1909s
13:32:58 step=2500 loss=0.04104 lr=2.00e-03 mode=all-discrete t=1988s
13:34:17 step=2600 loss=0.04236 lr=2.00e-03 mode=passthrough t=2068s
13:35:37 step=2700 loss=0.03907 lr=2.00e-03 mode=passthrough t=2147s
13:36:56 step=2800 loss=0.04229 lr=2.00e-03 mode=passthrough t=2226s
13:38:15 step=2900 loss=0.04104 lr=2.00e-03 mode=passthrough t=2305s
13:39:34 step=3000 loss=0.04839 lr=2.00e-03 mode=all-discrete t=2384s
13:39:52 VAL step=3020 epoch=36 val=0.03859
13:39:53   New best: 0.03859
13:40:56 step=3100 loss=0.04034 lr=2.00e-03 mode=all-discrete t=2466s
13:42:15 step=3200 loss=0.04027 lr=2.00e-03 mode=passthrough t=2545s
13:43:35 step=3300 loss=0.04186 lr=2.00e-03 mode=all-discrete t=2625s
13:44:54 step=3400 loss=0.04146 lr=2.00e-03 mode=passthrough t=2704s
13:46:13 step=3500 loss=0.04153 lr=2.00e-03 mode=all-discrete t=2783s
13:47:32 step=3600 loss=0.03971 lr=2.00e-03 mode=all-discrete t=2862s
13:48:52 step=3700 loss=0.03704 lr=2.00e-03 mode=passthrough t=2942s
13:49:53 VAL step=3775 epoch=44 val=0.03707
13:49:53   New best: 0.03707
13:50:13 step=3800 loss=0.03904 lr=2.00e-03 mode=passthrough t=3023s
13:51:32 step=3900 loss=0.04130 lr=2.00e-03 mode=all-discrete t=3102s
13:52:52 step=4000 loss=0.03959 lr=2.00e-03 mode=passthrough t=3182s
13:54:11 step=4100 loss=0.03773 lr=2.00e-03 mode=passthrough t=3261s
13:55:30 step=4200 loss=0.03811 lr=2.00e-03 mode=all-discrete t=3340s
13:56:49 step=4300 loss=0.03845 lr=2.00e-03 mode=all-discrete t=3419s
13:58:09 step=4400 loss=0.03927 lr=2.00e-03 mode=passthrough t=3499s
13:59:28 step=4500 loss=0.03925 lr=2.00e-03 mode=passthrough t=3578s
13:59:53 VAL step=4530 epoch=53 val=0.03663
13:59:54   New best: 0.03663
14:00:49 step=4600 loss=0.03736 lr=2.00e-03 mode=all-discrete t=3659s
14:02:08 step=4700 loss=0.03752 lr=2.00e-03 mode=all-discrete t=3738s
14:03:28 step=4800 loss=0.03978 lr=2.00e-03 mode=all-discrete t=3818s
14:04:47 step=4900 loss=0.03613 lr=2.00e-03 mode=passthrough t=3897s
14:06:06 step=5000 loss=0.03659 lr=2.00e-03 mode=passthrough t=3976s
14:07:25 step=5100 loss=0.03470 lr=2.00e-03 mode=all-discrete t=4055s
14:08:44 step=5200 loss=0.03682 lr=2.00e-03 mode=passthrough t=4135s
14:09:54 VAL step=5285 epoch=62 val=0.03601
14:09:54   New best: 0.03601
14:10:06 step=5300 loss=0.04026 lr=2.00e-03 mode=all-discrete t=4216s
14:11:25 step=5400 loss=0.03581 lr=2.00e-03 mode=passthrough t=4295s
14:12:44 step=5500 loss=0.03973 lr=2.00e-03 mode=all-discrete t=4375s
14:14:04 step=5600 loss=0.03261 lr=2.00e-03 mode=passthrough t=4454s
14:15:23 step=5700 loss=0.03510 lr=2.00e-03 mode=all-discrete t=4533s
14:16:42 step=5800 loss=0.03449 lr=2.00e-03 mode=passthrough t=4612s
14:18:01 step=5900 loss=0.03534 lr=2.00e-03 mode=passthrough t=4691s
14:19:20 step=6000 loss=0.03471 lr=2.00e-03 mode=all-discrete t=4771s
14:19:54 VAL step=6040 epoch=71 val=0.03527
14:19:55   New best: 0.03527
14:20:42 step=6100 loss=0.04070 lr=2.00e-03 mode=all-discrete t=4852s
14:22:01 step=6200 loss=0.03640 lr=2.00e-03 mode=passthrough t=4931s
14:23:20 step=6300 loss=0.03377 lr=2.00e-03 mode=all-discrete t=5011s
14:24:40 step=6400 loss=0.03023 lr=2.00e-03 mode=passthrough t=5090s
14:25:59 step=6500 loss=0.03738 lr=2.00e-03 mode=all-discrete t=5169s
14:27:18 step=6600 loss=0.03385 lr=2.00e-03 mode=all-discrete t=5248s
14:28:37 step=6700 loss=0.03532 lr=2.00e-03 mode=passthrough t=5327s
14:29:55 VAL step=6796 epoch=80 val=0.03479
14:29:55   New best: 0.03479
14:29:58 step=6800 loss=0.03406 lr=2.00e-03 mode=all-discrete t=5408s
14:31:17 step=6900 loss=0.03517 lr=2.00e-03 mode=passthrough t=5488s
14:32:37 step=7000 loss=0.03559 lr=2.00e-03 mode=all-discrete t=5567s
14:33:56 step=7100 loss=0.03274 lr=2.00e-03 mode=all-discrete t=5646s
14:35:15 step=7200 loss=0.03595 lr=2.00e-03 mode=all-discrete t=5725s
14:36:34 step=7300 loss=0.03823 lr=2.00e-03 mode=passthrough t=5804s
14:37:53 step=7400 loss=0.02826 lr=2.00e-03 mode=passthrough t=5883s
14:39:12 step=7500 loss=0.03391 lr=2.00e-03 mode=all-discrete t=5962s
14:39:56 VAL step=7552 epoch=88 val=0.03417
14:39:56   New best: 0.03417
14:40:34 step=7600 loss=0.03151 lr=2.00e-03 mode=all-discrete t=6044s
14:41:53 step=7700 loss=0.03227 lr=2.00e-03 mode=all-discrete t=6123s
14:43:13 step=7800 loss=0.03569 lr=2.00e-03 mode=passthrough t=6203s
14:44:32 step=7900 loss=0.03345 lr=2.00e-03 mode=all-discrete t=6282s
14:45:51 step=8000 loss=0.03393 lr=2.00e-03 mode=passthrough t=6361s
14:47:10 step=8100 loss=0.03524 lr=2.00e-03 mode=passthrough t=6440s
14:48:30 step=8200 loss=0.03210 lr=2.00e-03 mode=passthrough t=6520s
14:49:49 step=8300 loss=0.03275 lr=2.00e-03 mode=passthrough t=6599s
14:49:56 VAL step=8307 epoch=97 val=0.03416
14:49:56   New best: 0.03416
14:51:10 step=8400 loss=0.03278 lr=2.00e-03 mode=all-discrete t=6680s
14:52:29 step=8500 loss=0.03505 lr=2.00e-03 mode=passthrough t=6759s
14:53:48 step=8600 loss=0.02944 lr=2.00e-03 mode=passthrough t=6838s
14:55:08 step=8700 loss=0.03098 lr=2.00e-03 mode=passthrough t=6918s
14:56:27 step=8800 loss=0.03484 lr=2.00e-03 mode=passthrough t=6997s
14:57:46 step=8900 loss=0.03278 lr=2.00e-03 mode=passthrough t=7076s
14:59:05 step=9000 loss=0.03458 lr=2.00e-03 mode=passthrough t=7155s
14:59:56 VAL step=9062 epoch=106 val=0.03344
14:59:57   New best: 0.03344
15:00:27 step=9100 loss=0.03528 lr=2.00e-03 mode=all-discrete t=7237s
15:01:46 step=9200 loss=0.02993 lr=2.00e-03 mode=all-discrete t=7316s
15:03:05 step=9300 loss=0.03233 lr=2.00e-03 mode=all-discrete t=7395s
15:04:24 step=9400 loss=0.03157 lr=2.00e-03 mode=all-discrete t=7474s
15:05:43 step=9500 loss=0.03574 lr=2.00e-03 mode=passthrough t=7554s
15:07:03 step=9600 loss=0.03318 lr=2.00e-03 mode=all-discrete t=7633s
15:08:22 step=9700 loss=0.03351 lr=2.00e-03 mode=all-discrete t=7712s
15:09:41 step=9800 loss=0.03272 lr=2.00e-03 mode=passthrough t=7791s
15:09:56 VAL step=9817 epoch=115 val=0.03336
15:09:57   New best: 0.03336
15:11:02 step=9900 loss=0.03698 lr=2.00e-03 mode=all-discrete t=7873s
15:12:22 step=10000 loss=0.03336 lr=2.00e-03 mode=all-discrete t=7952s
15:13:41 step=10100 loss=0.02996 lr=2.00e-03 mode=passthrough t=8031s
15:15:00 step=10200 loss=0.03442 lr=2.00e-03 mode=all-discrete t=8110s
15:16:19 step=10300 loss=0.03544 lr=2.00e-03 mode=all-discrete t=8189s
15:17:38 step=10400 loss=0.03474 lr=2.00e-03 mode=all-discrete t=8269s
15:18:58 step=10500 loss=0.03205 lr=2.00e-03 mode=passthrough t=8348s
15:19:56 VAL step=10572 epoch=123 val=0.03292
15:19:57   New best: 0.03292
15:20:19 step=10600 loss=0.03561 lr=2.00e-03 mode=passthrough t=8429s
15:21:38 step=10700 loss=0.03475 lr=2.00e-03 mode=all-discrete t=8508s
15:22:57 step=10800 loss=0.03554 lr=2.00e-03 mode=passthrough t=8588s
15:24:17 step=10900 loss=0.03260 lr=2.00e-03 mode=all-discrete t=8667s
15:25:36 step=11000 loss=0.03361 lr=2.00e-03 mode=all-discrete t=8746s
15:26:55 step=11100 loss=0.03355 lr=2.00e-03 mode=passthrough t=8825s
15:28:15 step=11200 loss=0.03371 lr=2.00e-03 mode=all-discrete t=8905s
15:29:34 step=11300 loss=0.03529 lr=2.00e-03 mode=passthrough t=8984s
15:29:57 VAL step=11327 epoch=132 val=0.03356
15:30:55 step=11400 loss=0.03628 lr=2.00e-03 mode=all-discrete t=9065s
15:32:14 step=11500 loss=0.03782 lr=2.00e-03 mode=passthrough t=9144s
15:33:33 step=11600 loss=0.03020 lr=2.00e-03 mode=all-discrete t=9223s
15:34:52 step=11700 loss=0.03411 lr=2.00e-03 mode=passthrough t=9302s
15:36:11 step=11800 loss=0.03143 lr=2.00e-03 mode=passthrough t=9382s
15:37:31 step=11900 loss=0.03068 lr=2.00e-03 mode=all-discrete t=9461s
15:38:50 step=12000 loss=0.02910 lr=2.00e-03 mode=passthrough t=9540s
15:39:57 VAL step=12083 epoch=141 val=0.03270
15:39:58   New best: 0.03270
15:40:11 step=12100 loss=0.03043 lr=2.00e-03 mode=passthrough t=9621s
15:41:30 step=12200 loss=0.03307 lr=2.00e-03 mode=all-discrete t=9700s
15:42:49 step=12300 loss=0.03139 lr=2.00e-03 mode=passthrough t=9779s
15:44:08 step=12400 loss=0.02897 lr=2.00e-03 mode=all-discrete t=9859s
15:45:28 step=12500 loss=0.03353 lr=2.00e-03 mode=all-discrete t=9938s
15:46:47 step=12600 loss=0.03231 lr=2.00e-03 mode=passthrough t=10017s
15:48:06 step=12700 loss=0.03396 lr=2.00e-03 mode=all-discrete t=10096s
15:49:25 step=12800 loss=0.02960 lr=2.00e-03 mode=passthrough t=10175s
15:49:57 VAL step=12839 epoch=150 val=0.03248
15:49:58   New best: 0.03248
15:50:46 step=12900 loss=0.03558 lr=2.00e-03 mode=passthrough t=10256s
15:52:05 step=13000 loss=0.03157 lr=2.00e-03 mode=passthrough t=10335s
15:53:24 step=13100 loss=0.03035 lr=2.00e-03 mode=all-discrete t=10414s
15:54:43 step=13200 loss=0.03369 lr=2.00e-03 mode=passthrough t=10493s
15:56:02 step=13300 loss=0.03236 lr=2.00e-03 mode=all-discrete t=10573s
15:57:22 step=13400 loss=0.03019 lr=2.00e-03 mode=passthrough t=10652s
15:58:41 step=13500 loss=0.03174 lr=2.00e-03 mode=passthrough t=10731s
15:59:58 VAL step=13595 epoch=159 val=0.03244
15:59:58   New best: 0.03244
16:00:02 step=13600 loss=0.03297 lr=2.00e-03 mode=all-discrete t=10812s
16:01:21 step=13700 loss=0.03123 lr=2.00e-03 mode=passthrough t=10891s
16:02:40 step=13800 loss=0.03115 lr=2.00e-03 mode=all-discrete t=10970s
16:03:59 step=13900 loss=0.03494 lr=2.00e-03 mode=all-discrete t=11049s
16:05:18 step=14000 loss=0.03088 lr=2.00e-03 mode=passthrough t=11128s
16:06:37 step=14100 loss=0.02967 lr=2.00e-03 mode=passthrough t=11207s
16:07:56 step=14200 loss=0.02839 lr=2.00e-03 mode=all-discrete t=11287s
16:09:16 step=14300 loss=0.03295 lr=2.00e-03 mode=passthrough t=11366s
16:09:58 VAL step=14352 epoch=167 val=0.03216
16:09:59   New best: 0.03216
16:10:37 step=14400 loss=0.03252 lr=2.00e-03 mode=all-discrete t=11447s
16:11:56 step=14500 loss=0.03057 lr=2.00e-03 mode=all-discrete t=11526s
16:13:15 step=14600 loss=0.03244 lr=2.00e-03 mode=passthrough t=11605s
16:14:34 step=14700 loss=0.03242 lr=2.00e-03 mode=passthrough t=11684s
16:15:53 step=14800 loss=0.02953 lr=2.00e-03 mode=all-discrete t=11763s
16:17:12 step=14900 loss=0.03365 lr=2.00e-03 mode=all-discrete t=11842s
16:18:31 step=15000 loss=0.04220 lr=2.00e-03 mode=all-discrete t=11921s
16:19:50 step=15100 loss=0.05074 lr=2.00e-03 mode=passthrough t=12000s
16:19:59 VAL step=15109 epoch=176 val=0.04598
16:21:11 step=15200 loss=0.07021 lr=2.00e-03 mode=passthrough t=12081s
16:22:30 step=15300 loss=0.05610 lr=2.00e-03 mode=all-discrete t=12160s
16:23:49 step=15400 loss=0.05332 lr=2.00e-03 mode=passthrough t=12240s
16:25:08 step=15500 loss=0.05686 lr=2.00e-03 mode=all-discrete t=12319s
16:26:28 step=15600 loss=0.05389 lr=2.00e-03 mode=passthrough t=12398s
16:27:47 step=15700 loss=0.04860 lr=2.00e-03 mode=all-discrete t=12477s
16:29:06 step=15800 loss=0.04179 lr=2.00e-03 mode=passthrough t=12556s
16:30:00 VAL step=15866 epoch=185 val=0.05331
16:30:26 step=15900 loss=0.10237 lr=2.00e-03 mode=passthrough t=12637s
16:31:46 step=16000 loss=0.06294 lr=2.00e-03 mode=passthrough t=12716s
16:33:05 step=16100 loss=0.08945 lr=2.00e-03 mode=all-discrete t=12795s
16:34:24 step=16200 loss=0.09325 lr=2.00e-03 mode=all-discrete t=12874s
16:35:43 step=16300 loss=0.11293 lr=2.00e-03 mode=passthrough t=12953s
16:37:02 step=16400 loss=0.09723 lr=2.00e-03 mode=all-discrete t=13032s
16:38:21 step=16500 loss=0.14034 lr=2.00e-03 mode=passthrough t=13111s
16:39:40 step=16600 loss=0.12008 lr=2.00e-03 mode=passthrough t=13190s
16:40:00 VAL step=16623 epoch=194 val=0.09966
16:41:01 step=16700 loss=0.08796 lr=2.00e-03 mode=passthrough t=13271s
16:42:20 step=16800 loss=0.09591 lr=2.00e-03 mode=passthrough t=13350s
