10:04:39 Hybrid tokenizer, passthrough_prob=0.5
10:04:40 Model: 20.64M params, train=184, val=10
10:05:00 step=100 loss=0.14927 lr=4.00e-04 mode=passthrough t=20s
10:05:19 step=200 loss=0.11567 lr=8.00e-04 mode=passthrough t=39s
10:05:39 step=300 loss=0.09676 lr=1.20e-03 mode=passthrough t=59s
10:05:58 step=400 loss=0.09693 lr=1.60e-03 mode=passthrough t=78s
10:06:18 step=500 loss=0.08406 lr=2.00e-03 mode=all-discrete t=98s
10:06:37 step=600 loss=0.07587 lr=2.00e-03 mode=all-discrete t=118s
10:06:57 step=700 loss=0.07449 lr=2.00e-03 mode=all-discrete t=137s
10:07:17 step=800 loss=0.06081 lr=2.00e-03 mode=passthrough t=157s
10:07:36 step=900 loss=0.06645 lr=2.00e-03 mode=passthrough t=176s
10:07:56 step=1000 loss=0.05655 lr=2.00e-03 mode=all-discrete t=196s
10:08:15 step=1100 loss=0.05799 lr=2.00e-03 mode=all-discrete t=215s
10:08:35 step=1200 loss=0.05450 lr=2.00e-03 mode=passthrough t=235s
10:08:55 step=1300 loss=0.06288 lr=2.00e-03 mode=passthrough t=255s
10:09:14 step=1400 loss=0.04913 lr=2.00e-03 mode=passthrough t=274s
10:09:34 step=1500 loss=0.05223 lr=2.00e-03 mode=all-discrete t=294s
10:09:53 step=1600 loss=0.04324 lr=2.00e-03 mode=all-discrete t=313s
10:10:13 step=1700 loss=0.05426 lr=2.00e-03 mode=all-discrete t=333s
10:10:32 step=1800 loss=0.05013 lr=2.00e-03 mode=all-discrete t=353s
10:10:52 step=1900 loss=0.05344 lr=2.00e-03 mode=all-discrete t=372s
10:11:12 step=2000 loss=0.04643 lr=2.00e-03 mode=passthrough t=392s
10:11:31 step=2100 loss=0.04934 lr=2.00e-03 mode=passthrough t=411s
10:11:51 step=2200 loss=0.04441 lr=2.00e-03 mode=all-discrete t=431s
10:12:10 step=2300 loss=0.05176 lr=2.00e-03 mode=all-discrete t=450s
10:12:30 step=2400 loss=0.04319 lr=2.00e-03 mode=all-discrete t=470s
10:12:50 step=2500 loss=0.03878 lr=2.00e-03 mode=all-discrete t=490s
10:13:09 step=2600 loss=0.04448 lr=2.00e-03 mode=passthrough t=509s
10:13:29 step=2700 loss=0.04475 lr=2.00e-03 mode=passthrough t=529s
10:13:48 step=2800 loss=0.04163 lr=2.00e-03 mode=passthrough t=549s
10:14:08 step=2900 loss=0.04369 lr=2.00e-03 mode=passthrough t=568s
10:14:28 step=3000 loss=0.04507 lr=2.00e-03 mode=all-discrete t=588s
10:14:40 VAL step=3062 epoch=34 val=0.04230
10:14:41   New best: 0.04230
10:14:48 step=3100 loss=0.04026 lr=2.00e-03 mode=all-discrete t=608s
10:15:08 step=3200 loss=0.04187 lr=2.00e-03 mode=passthrough t=628s
10:15:27 step=3300 loss=0.04495 lr=2.00e-03 mode=all-discrete t=647s
10:15:47 step=3400 loss=0.04085 lr=2.00e-03 mode=passthrough t=667s
10:16:07 step=3500 loss=0.04134 lr=2.00e-03 mode=all-discrete t=687s
10:16:26 step=3600 loss=0.04606 lr=2.00e-03 mode=all-discrete t=706s
10:16:46 step=3700 loss=0.04293 lr=2.00e-03 mode=passthrough t=726s
10:17:06 step=3800 loss=0.03535 lr=2.00e-03 mode=passthrough t=746s
10:17:25 step=3900 loss=0.03622 lr=2.00e-03 mode=all-discrete t=765s
10:17:45 step=4000 loss=0.04043 lr=2.00e-03 mode=passthrough t=785s
10:18:04 step=4100 loss=0.04767 lr=2.00e-03 mode=passthrough t=804s
10:18:24 step=4200 loss=0.03704 lr=2.00e-03 mode=all-discrete t=824s
10:18:43 step=4300 loss=0.04459 lr=2.00e-03 mode=all-discrete t=844s
10:19:03 step=4400 loss=0.03673 lr=2.00e-03 mode=passthrough t=863s
10:19:23 step=4500 loss=0.03990 lr=2.00e-03 mode=passthrough t=883s
10:19:42 step=4600 loss=0.03867 lr=2.00e-03 mode=all-discrete t=902s
10:20:02 step=4700 loss=0.03916 lr=2.00e-03 mode=all-discrete t=922s
10:20:21 step=4800 loss=0.04222 lr=2.00e-03 mode=all-discrete t=942s
10:20:41 step=4900 loss=0.04313 lr=2.00e-03 mode=passthrough t=961s
10:21:01 step=5000 loss=0.03187 lr=2.00e-03 mode=passthrough t=981s
10:21:20 step=5100 loss=0.04155 lr=2.00e-03 mode=all-discrete t=1000s
10:21:40 step=5200 loss=0.03843 lr=2.00e-03 mode=passthrough t=1020s
10:21:59 step=5300 loss=0.03551 lr=2.00e-03 mode=all-discrete t=1040s
10:22:19 step=5400 loss=0.03922 lr=2.00e-03 mode=passthrough t=1059s
10:22:39 step=5500 loss=0.03815 lr=2.00e-03 mode=all-discrete t=1079s
10:22:58 step=5600 loss=0.03334 lr=2.00e-03 mode=passthrough t=1098s
10:23:18 step=5700 loss=0.03305 lr=2.00e-03 mode=all-discrete t=1118s
10:23:38 step=5800 loss=0.03746 lr=2.00e-03 mode=passthrough t=1138s
10:23:57 step=5900 loss=0.03989 lr=2.00e-03 mode=passthrough t=1157s
10:24:17 step=6000 loss=0.03918 lr=2.00e-03 mode=all-discrete t=1177s
10:24:36 step=6100 loss=0.03632 lr=2.00e-03 mode=all-discrete t=1196s
10:24:40 VAL step=6118 epoch=67 val=0.03856
10:24:41   New best: 0.03856
10:24:57 step=6200 loss=0.03761 lr=2.00e-03 mode=passthrough t=1217s
10:25:16 step=6300 loss=0.03816 lr=2.00e-03 mode=all-discrete t=1236s
10:25:36 step=6400 loss=0.03741 lr=2.00e-03 mode=passthrough t=1256s
10:25:55 step=6500 loss=0.04007 lr=2.00e-03 mode=all-discrete t=1276s
10:26:15 step=6600 loss=0.03859 lr=2.00e-03 mode=all-discrete t=1295s
10:26:35 step=6700 loss=0.03351 lr=2.00e-03 mode=passthrough t=1315s
10:26:54 step=6800 loss=0.03666 lr=2.00e-03 mode=all-discrete t=1334s
10:27:14 step=6900 loss=0.03548 lr=2.00e-03 mode=passthrough t=1354s
10:27:34 step=7000 loss=0.03383 lr=2.00e-03 mode=all-discrete t=1374s
10:27:53 step=7100 loss=0.03233 lr=2.00e-03 mode=all-discrete t=1393s
10:28:13 step=7200 loss=0.03466 lr=2.00e-03 mode=all-discrete t=1413s
10:28:32 step=7300 loss=0.03067 lr=2.00e-03 mode=passthrough t=1432s
10:28:52 step=7400 loss=0.03579 lr=2.00e-03 mode=passthrough t=1452s
10:29:12 step=7500 loss=0.03435 lr=2.00e-03 mode=all-discrete t=1472s
10:29:31 step=7600 loss=0.03422 lr=2.00e-03 mode=all-discrete t=1491s
10:29:51 step=7700 loss=0.03914 lr=2.00e-03 mode=all-discrete t=1511s
10:30:10 step=7800 loss=0.03430 lr=2.00e-03 mode=passthrough t=1530s
10:30:30 step=7900 loss=0.03753 lr=2.00e-03 mode=all-discrete t=1550s
10:30:50 step=8000 loss=0.03697 lr=2.00e-03 mode=passthrough t=1570s
10:31:09 step=8100 loss=0.03558 lr=2.00e-03 mode=passthrough t=1589s
10:31:29 step=8200 loss=0.03525 lr=2.00e-03 mode=passthrough t=1609s
10:31:48 step=8300 loss=0.03255 lr=2.00e-03 mode=passthrough t=1629s
10:32:08 step=8400 loss=0.03317 lr=2.00e-03 mode=all-discrete t=1648s
10:32:28 step=8500 loss=0.03304 lr=2.00e-03 mode=passthrough t=1668s
10:32:47 step=8600 loss=0.03430 lr=2.00e-03 mode=passthrough t=1687s
10:33:07 step=8700 loss=0.03469 lr=2.00e-03 mode=passthrough t=1707s
10:33:26 step=8800 loss=0.03683 lr=2.00e-03 mode=passthrough t=1727s
10:33:46 step=8900 loss=0.03220 lr=2.00e-03 mode=passthrough t=1746s
10:34:06 step=9000 loss=0.03033 lr=2.00e-03 mode=passthrough t=1766s
10:34:25 step=9100 loss=0.03606 lr=2.00e-03 mode=all-discrete t=1785s
10:34:40 VAL step=9175 epoch=100 val=0.03804
10:34:41   New best: 0.03804
10:34:46 step=9200 loss=0.03436 lr=2.00e-03 mode=all-discrete t=1806s
10:35:06 step=9300 loss=0.03114 lr=2.00e-03 mode=all-discrete t=1826s
10:35:25 step=9400 loss=0.03435 lr=2.00e-03 mode=all-discrete t=1845s
10:35:45 step=9500 loss=0.03205 lr=2.00e-03 mode=passthrough t=1865s
10:36:04 step=9600 loss=0.03352 lr=2.00e-03 mode=all-discrete t=1884s
10:36:24 step=9700 loss=0.03008 lr=2.00e-03 mode=all-discrete t=1904s
10:36:43 step=9800 loss=0.03433 lr=2.00e-03 mode=passthrough t=1924s
10:37:03 step=9900 loss=0.03381 lr=2.00e-03 mode=all-discrete t=1943s
10:37:23 step=10000 loss=0.03685 lr=2.00e-03 mode=all-discrete t=1963s
10:37:42 step=10100 loss=0.03641 lr=2.00e-03 mode=passthrough t=1982s
10:38:02 step=10200 loss=0.03341 lr=2.00e-03 mode=all-discrete t=2002s
10:38:21 step=10300 loss=0.03560 lr=2.00e-03 mode=all-discrete t=2021s
10:38:41 step=10400 loss=0.03353 lr=2.00e-03 mode=all-discrete t=2041s
10:39:01 step=10500 loss=0.03253 lr=2.00e-03 mode=passthrough t=2061s
10:39:20 step=10600 loss=0.03289 lr=2.00e-03 mode=passthrough t=2080s
10:39:40 step=10700 loss=0.02941 lr=2.00e-03 mode=all-discrete t=2100s
10:39:59 step=10800 loss=0.03217 lr=2.00e-03 mode=passthrough t=2119s
10:40:19 step=10900 loss=0.03633 lr=2.00e-03 mode=all-discrete t=2139s
10:40:38 step=11000 loss=0.03218 lr=2.00e-03 mode=all-discrete t=2159s
10:40:58 step=11100 loss=0.03215 lr=2.00e-03 mode=passthrough t=2178s
10:41:18 step=11200 loss=0.03388 lr=2.00e-03 mode=all-discrete t=2198s
10:41:37 step=11300 loss=0.03280 lr=2.00e-03 mode=passthrough t=2217s
10:41:57 step=11400 loss=0.03332 lr=2.00e-03 mode=all-discrete t=2237s
10:42:16 step=11500 loss=0.03490 lr=2.00e-03 mode=passthrough t=2256s
10:42:36 step=11600 loss=0.03438 lr=2.00e-03 mode=all-discrete t=2276s
10:42:56 step=11700 loss=0.03117 lr=2.00e-03 mode=passthrough t=2296s
10:43:15 step=11800 loss=0.03240 lr=2.00e-03 mode=passthrough t=2315s
10:43:35 step=11900 loss=0.03004 lr=2.00e-03 mode=all-discrete t=2335s
10:43:54 step=12000 loss=0.02840 lr=2.00e-03 mode=passthrough t=2354s
10:44:14 step=12100 loss=0.03436 lr=2.00e-03 mode=passthrough t=2374s
10:44:33 step=12200 loss=0.03075 lr=2.00e-03 mode=all-discrete t=2394s
10:44:41 VAL step=12234 epoch=133 val=0.03724
10:44:41   New best: 0.03724
10:44:54 step=12300 loss=0.03176 lr=2.00e-03 mode=passthrough t=2414s
10:45:13 step=12400 loss=0.03777 lr=2.00e-03 mode=all-discrete t=2434s
10:45:33 step=12500 loss=0.03229 lr=2.00e-03 mode=all-discrete t=2453s
10:45:53 step=12600 loss=0.03124 lr=2.00e-03 mode=passthrough t=2473s
10:46:12 step=12700 loss=0.03086 lr=2.00e-03 mode=all-discrete t=2493s
10:46:32 step=12800 loss=0.02715 lr=2.00e-03 mode=passthrough t=2512s
10:46:52 step=12900 loss=0.03428 lr=2.00e-03 mode=passthrough t=2532s
10:47:11 step=13000 loss=0.02779 lr=2.00e-03 mode=passthrough t=2551s
10:47:31 step=13100 loss=0.03159 lr=2.00e-03 mode=all-discrete t=2571s
10:47:50 step=13200 loss=0.03245 lr=2.00e-03 mode=passthrough t=2591s
10:48:10 step=13300 loss=0.03224 lr=2.00e-03 mode=all-discrete t=2610s
10:48:30 step=13400 loss=0.03208 lr=2.00e-03 mode=passthrough t=2630s
10:48:49 step=13500 loss=0.02874 lr=2.00e-03 mode=passthrough t=2649s
10:49:09 step=13600 loss=0.03278 lr=2.00e-03 mode=all-discrete t=2669s
10:49:28 step=13700 loss=0.02993 lr=2.00e-03 mode=passthrough t=2689s
10:49:48 step=13800 loss=0.02879 lr=2.00e-03 mode=all-discrete t=2708s
10:50:08 step=13900 loss=0.02848 lr=2.00e-03 mode=all-discrete t=2728s
10:50:27 step=14000 loss=0.02990 lr=2.00e-03 mode=passthrough t=2747s
10:50:47 step=14100 loss=0.03457 lr=2.00e-03 mode=passthrough t=2767s
10:51:07 step=14200 loss=0.03176 lr=2.00e-03 mode=all-discrete t=2787s
10:51:26 step=14300 loss=0.02910 lr=2.00e-03 mode=passthrough t=2806s
10:51:46 step=14400 loss=0.03055 lr=2.00e-03 mode=all-discrete t=2826s
10:52:05 step=14500 loss=0.03097 lr=2.00e-03 mode=all-discrete t=2846s
10:52:25 step=14600 loss=0.03165 lr=2.00e-03 mode=passthrough t=2865s
10:52:45 step=14700 loss=0.02828 lr=2.00e-03 mode=passthrough t=2885s
10:53:04 step=14800 loss=0.03034 lr=2.00e-03 mode=all-discrete t=2904s
10:53:24 step=14900 loss=0.03008 lr=2.00e-03 mode=all-discrete t=2924s
10:53:44 step=15000 loss=0.03328 lr=2.00e-03 mode=all-discrete t=2944s
10:54:03 step=15100 loss=0.02850 lr=2.00e-03 mode=passthrough t=2963s
10:54:23 step=15200 loss=0.03306 lr=2.00e-03 mode=passthrough t=2983s
10:54:41 VAL step=15288 epoch=167 val=0.03693
10:54:41   New best: 0.03693
10:54:43 step=15300 loss=0.03088 lr=2.00e-03 mode=all-discrete t=3004s
10:55:03 step=15400 loss=0.03445 lr=2.00e-03 mode=passthrough t=3023s
10:55:23 step=15500 loss=0.03322 lr=2.00e-03 mode=all-discrete t=3043s
10:55:42 step=15600 loss=0.02955 lr=2.00e-03 mode=passthrough t=3062s
10:56:02 step=15700 loss=0.03089 lr=2.00e-03 mode=all-discrete t=3082s
10:56:21 step=15800 loss=0.02838 lr=2.00e-03 mode=passthrough t=3102s
10:56:41 step=15900 loss=0.03086 lr=2.00e-03 mode=passthrough t=3121s
10:57:01 step=16000 loss=0.02995 lr=2.00e-03 mode=passthrough t=3141s
10:57:20 step=16100 loss=0.03081 lr=2.00e-03 mode=all-discrete t=3160s
10:57:40 step=16200 loss=0.02748 lr=2.00e-03 mode=all-discrete t=3180s
10:58:00 step=16300 loss=0.02756 lr=2.00e-03 mode=passthrough t=3200s
10:58:19 step=16400 loss=0.03255 lr=2.00e-03 mode=all-discrete t=3219s
10:58:39 step=16500 loss=0.03353 lr=2.00e-03 mode=passthrough t=3239s
10:58:58 step=16600 loss=0.03034 lr=2.00e-03 mode=passthrough t=3259s
10:59:18 step=16700 loss=0.02684 lr=2.00e-03 mode=passthrough t=3278s
10:59:38 step=16800 loss=0.03072 lr=2.00e-03 mode=passthrough t=3298s
10:59:57 step=16900 loss=0.02871 lr=2.00e-03 mode=passthrough t=3317s
11:00:17 step=17000 loss=0.02893 lr=2.00e-03 mode=passthrough t=3337s
11:00:36 step=17100 loss=0.02616 lr=2.00e-03 mode=all-discrete t=3357s
11:00:56 step=17200 loss=0.02891 lr=2.00e-03 mode=passthrough t=3376s
11:01:16 step=17300 loss=0.02682 lr=2.00e-03 mode=passthrough t=3396s
11:01:35 step=17400 loss=0.03005 lr=2.00e-03 mode=passthrough t=3416s
11:01:55 step=17500 loss=0.02815 lr=2.00e-03 mode=passthrough t=3435s
11:02:15 step=17600 loss=0.02853 lr=2.00e-03 mode=all-discrete t=3455s
11:02:34 step=17700 loss=0.03302 lr=2.00e-03 mode=all-discrete t=3474s
11:02:54 step=17800 loss=0.02936 lr=2.00e-03 mode=all-discrete t=3494s
11:03:13 step=17900 loss=0.02967 lr=2.00e-03 mode=all-discrete t=3514s
11:03:33 step=18000 loss=0.02797 lr=2.00e-03 mode=passthrough t=3533s
11:03:53 step=18100 loss=0.03126 lr=2.00e-03 mode=all-discrete t=3553s
11:04:12 step=18200 loss=0.02729 lr=2.00e-03 mode=passthrough t=3572s
11:04:32 step=18300 loss=0.02771 lr=2.00e-03 mode=all-discrete t=3592s
11:04:41 VAL step=18343 epoch=200 val=0.03710
11:04:52 step=18400 loss=0.03180 lr=2.00e-03 mode=passthrough t=3612s
11:05:12 step=18500 loss=0.02843 lr=2.00e-03 mode=passthrough t=3632s
11:05:31 step=18600 loss=0.03005 lr=2.00e-03 mode=all-discrete t=3651s
11:05:51 step=18700 loss=0.02992 lr=2.00e-03 mode=all-discrete t=3671s
11:06:10 step=18800 loss=0.03090 lr=2.00e-03 mode=all-discrete t=3691s
11:06:30 step=18900 loss=0.02816 lr=2.00e-03 mode=all-discrete t=3710s
11:06:50 step=19000 loss=0.02667 lr=2.00e-03 mode=passthrough t=3730s
11:07:09 step=19100 loss=0.03159 lr=2.00e-03 mode=all-discrete t=3749s
11:07:29 step=19200 loss=0.03264 lr=2.00e-03 mode=all-discrete t=3769s
11:07:48 step=19300 loss=0.03042 lr=2.00e-03 mode=all-discrete t=3789s
11:08:08 step=19400 loss=0.03028 lr=2.00e-03 mode=passthrough t=3808s
11:08:28 step=19500 loss=0.03268 lr=2.00e-03 mode=all-discrete t=3828s
11:08:47 step=19600 loss=0.03212 lr=2.00e-03 mode=all-discrete t=3848s
11:09:07 step=19700 loss=0.03085 lr=2.00e-03 mode=all-discrete t=3867s
11:09:27 step=19800 loss=0.02899 lr=2.00e-03 mode=passthrough t=3887s
11:09:46 step=19900 loss=0.02910 lr=2.00e-03 mode=passthrough t=3906s
11:10:06 step=20000 loss=0.03114 lr=2.00e-03 mode=all-discrete t=3926s
11:10:25 step=20100 loss=0.02764 lr=2.00e-03 mode=all-discrete t=3945s
11:10:45 step=20200 loss=0.02579 lr=2.00e-03 mode=passthrough t=3965s
11:11:05 step=20300 loss=0.03237 lr=2.00e-03 mode=all-discrete t=3985s
11:11:24 step=20400 loss=0.02752 lr=2.00e-03 mode=all-discrete t=4004s
11:11:44 step=20500 loss=0.02763 lr=2.00e-03 mode=passthrough t=4024s
11:12:03 step=20600 loss=0.02986 lr=2.00e-03 mode=passthrough t=4043s
11:12:23 step=20700 loss=0.02765 lr=2.00e-03 mode=passthrough t=4063s
11:12:43 step=20800 loss=0.02776 lr=2.00e-03 mode=all-discrete t=4083s
11:13:02 step=20900 loss=0.02718 lr=2.00e-03 mode=passthrough t=4102s
11:13:22 step=21000 loss=0.02945 lr=2.00e-03 mode=passthrough t=4122s
11:13:41 step=21100 loss=0.02801 lr=2.00e-03 mode=all-discrete t=4141s
11:14:01 step=21200 loss=0.02823 lr=2.00e-03 mode=passthrough t=4161s
11:14:21 step=21300 loss=0.03014 lr=2.00e-03 mode=all-discrete t=4181s
11:14:40 step=21400 loss=0.02644 lr=2.00e-03 mode=passthrough t=4200s
11:14:41 VAL step=21402 epoch=233 val=0.03664
11:14:41   New best: 0.03664
11:15:01 step=21500 loss=0.03183 lr=2.00e-03 mode=all-discrete t=4221s
11:15:20 step=21600 loss=0.02583 lr=2.00e-03 mode=all-discrete t=4240s
11:15:40 step=21700 loss=0.02912 lr=2.00e-03 mode=all-discrete t=4260s
11:15:59 step=21800 loss=0.02939 lr=2.00e-03 mode=passthrough t=4279s
11:16:19 step=21900 loss=0.03026 lr=2.00e-03 mode=all-discrete t=4299s
11:16:39 step=22000 loss=0.03344 lr=2.00e-03 mode=all-discrete t=4319s
11:16:58 step=22100 loss=0.03013 lr=2.00e-03 mode=passthrough t=4338s
11:17:18 step=22200 loss=0.02769 lr=2.00e-03 mode=passthrough t=4358s
11:17:38 step=22300 loss=0.02762 lr=2.00e-03 mode=all-discrete t=4378s
11:17:57 step=22400 loss=0.02759 lr=2.00e-03 mode=passthrough t=4397s
11:18:17 step=22500 loss=0.02941 lr=2.00e-03 mode=all-discrete t=4417s
11:18:36 step=22600 loss=0.02786 lr=2.00e-03 mode=all-discrete t=4436s
11:18:56 step=22700 loss=0.03517 lr=2.00e-03 mode=all-discrete t=4456s
11:19:16 step=22800 loss=0.02944 lr=2.00e-03 mode=all-discrete t=4476s
11:19:35 step=22900 loss=0.02548 lr=2.00e-03 mode=passthrough t=4495s
11:19:55 step=23000 loss=0.02669 lr=2.00e-03 mode=all-discrete t=4515s
11:20:15 step=23100 loss=0.02826 lr=2.00e-03 mode=passthrough t=4535s
11:20:34 step=23200 loss=0.02672 lr=2.00e-03 mode=all-discrete t=4554s
11:20:54 step=23300 loss=0.02910 lr=2.00e-03 mode=all-discrete t=4574s
11:21:13 step=23400 loss=0.02960 lr=2.00e-03 mode=passthrough t=4594s
11:21:33 step=23500 loss=0.02954 lr=2.00e-03 mode=all-discrete t=4613s
11:21:53 step=23600 loss=0.02720 lr=2.00e-03 mode=passthrough t=4633s
11:22:12 step=23700 loss=0.03039 lr=2.00e-03 mode=all-discrete t=4652s
11:22:32 step=23800 loss=0.02978 lr=2.00e-03 mode=passthrough t=4672s
11:22:51 step=23900 loss=0.02725 lr=2.00e-03 mode=passthrough t=4692s
11:23:11 step=24000 loss=0.03067 lr=2.00e-03 mode=all-discrete t=4711s
11:23:31 step=24100 loss=0.03059 lr=2.00e-03 mode=passthrough t=4731s
11:23:50 step=24200 loss=0.03316 lr=2.00e-03 mode=all-discrete t=4751s
11:24:10 step=24300 loss=0.02815 lr=2.00e-03 mode=passthrough t=4770s
11:24:30 step=24400 loss=0.02595 lr=2.00e-03 mode=passthrough t=4790s
11:24:41 VAL step=24457 epoch=266 val=0.03673
11:24:50 step=24500 loss=0.02869 lr=2.00e-03 mode=all-discrete t=4810s
11:25:09 step=24600 loss=0.02865 lr=2.00e-03 mode=passthrough t=4829s
11:25:29 step=24700 loss=0.02930 lr=2.00e-03 mode=passthrough t=4849s
11:25:49 step=24800 loss=0.03049 lr=2.00e-03 mode=passthrough t=4869s
11:26:08 step=24900 loss=0.03054 lr=2.00e-03 mode=passthrough t=4888s
11:26:28 step=25000 loss=0.02633 lr=2.00e-03 mode=passthrough t=4908s
11:26:47 step=25100 loss=0.02872 lr=2.00e-03 mode=all-discrete t=4927s
11:27:07 step=25200 loss=0.03025 lr=2.00e-03 mode=all-discrete t=4947s
11:27:27 step=25300 loss=0.02865 lr=2.00e-03 mode=all-discrete t=4967s
11:27:46 step=25400 loss=0.02518 lr=2.00e-03 mode=passthrough t=4986s
11:28:06 step=25500 loss=0.03150 lr=2.00e-03 mode=passthrough t=5006s
11:28:26 step=25600 loss=0.02781 lr=2.00e-03 mode=passthrough t=5026s
11:28:45 step=25700 loss=0.02870 lr=2.00e-03 mode=all-discrete t=5045s
11:29:05 step=25800 loss=0.03020 lr=2.00e-03 mode=all-discrete t=5065s
11:29:24 step=25900 loss=0.02888 lr=2.00e-03 mode=passthrough t=5085s
11:29:44 step=26000 loss=0.03073 lr=2.00e-03 mode=all-discrete t=5104s
11:30:04 step=26100 loss=0.02832 lr=2.00e-03 mode=all-discrete t=5124s
11:30:23 step=26200 loss=0.03150 lr=2.00e-03 mode=all-discrete t=5143s
11:30:43 step=26300 loss=0.03088 lr=2.00e-03 mode=all-discrete t=5163s
11:31:02 step=26400 loss=0.02984 lr=2.00e-03 mode=passthrough t=5183s
11:31:22 step=26500 loss=0.03067 lr=2.00e-03 mode=all-discrete t=5202s
11:31:42 step=26600 loss=0.02615 lr=2.00e-03 mode=passthrough t=5222s
11:32:01 step=26700 loss=0.02700 lr=2.00e-03 mode=all-discrete t=5242s
11:32:21 step=26800 loss=0.02899 lr=2.00e-03 mode=passthrough t=5261s
11:32:41 step=26900 loss=0.02865 lr=2.00e-03 mode=passthrough t=5281s
11:33:00 step=27000 loss=0.02890 lr=2.00e-03 mode=all-discrete t=5300s
11:33:20 step=27100 loss=0.02868 lr=2.00e-03 mode=all-discrete t=5320s
11:33:39 step=27200 loss=0.02715 lr=2.00e-03 mode=passthrough t=5340s
11:33:59 step=27300 loss=0.02859 lr=2.00e-03 mode=passthrough t=5359s
11:34:19 step=27400 loss=0.02845 lr=2.00e-03 mode=all-discrete t=5379s
11:34:38 step=27500 loss=0.02682 lr=2.00e-03 mode=passthrough t=5398s
11:34:41 VAL step=27513 epoch=300 val=0.03655
11:34:42   New best: 0.03655
11:34:59 step=27600 loss=0.02868 lr=2.00e-03 mode=passthrough t=5419s
11:35:18 step=27700 loss=0.02765 lr=2.00e-03 mode=passthrough t=5438s
11:35:38 step=27800 loss=0.02604 lr=2.00e-03 mode=all-discrete t=5458s
11:35:58 step=27900 loss=0.02841 lr=2.00e-03 mode=passthrough t=5478s
11:36:17 step=28000 loss=0.02851 lr=2.00e-03 mode=passthrough t=5497s
11:36:37 step=28100 loss=0.02979 lr=2.00e-03 mode=passthrough t=5517s
11:36:56 step=28200 loss=0.02758 lr=2.00e-03 mode=passthrough t=5536s
11:37:16 step=28300 loss=0.02754 lr=2.00e-03 mode=all-discrete t=5556s
11:37:36 step=28400 loss=0.03096 lr=2.00e-03 mode=all-discrete t=5576s
11:37:55 step=28500 loss=0.02777 lr=2.00e-03 mode=passthrough t=5595s
11:38:15 step=28600 loss=0.02707 lr=2.00e-03 mode=passthrough t=5615s
11:38:34 step=28700 loss=0.02733 lr=2.00e-03 mode=passthrough t=5635s
11:38:54 step=28800 loss=0.02884 lr=2.00e-03 mode=passthrough t=5654s
11:39:14 step=28900 loss=0.02828 lr=2.00e-03 mode=all-discrete t=5674s
11:39:33 step=29000 loss=0.02915 lr=2.00e-03 mode=passthrough t=5694s
11:39:53 step=29100 loss=0.02743 lr=2.00e-03 mode=passthrough t=5713s
11:40:13 step=29200 loss=0.02759 lr=2.00e-03 mode=all-discrete t=5733s
11:40:32 step=29300 loss=0.02959 lr=2.00e-03 mode=all-discrete t=5752s
11:40:52 step=29400 loss=0.02980 lr=2.00e-03 mode=all-discrete t=5772s
11:41:12 step=29500 loss=0.02962 lr=2.00e-03 mode=all-discrete t=5792s
11:41:31 step=29600 loss=0.03033 lr=2.00e-03 mode=passthrough t=5811s
11:41:51 step=29700 loss=0.03011 lr=2.00e-03 mode=passthrough t=5831s
11:42:10 step=29800 loss=0.03014 lr=2.00e-03 mode=passthrough t=5850s
11:42:30 step=29900 loss=0.02911 lr=2.00e-03 mode=passthrough t=5870s
11:42:50 step=30000 loss=0.03009 lr=2.00e-03 mode=passthrough t=5890s
11:43:09 step=30100 loss=0.02829 lr=2.00e-03 mode=all-discrete t=5909s
11:43:29 step=30200 loss=0.02946 lr=2.00e-03 mode=passthrough t=5929s
11:43:49 step=30300 loss=0.03287 lr=2.00e-03 mode=all-discrete t=5949s
11:44:08 step=30400 loss=0.02489 lr=2.00e-03 mode=passthrough t=5968s
11:44:28 step=30500 loss=0.03266 lr=2.00e-03 mode=passthrough t=5988s
11:44:42 VAL step=30567 epoch=333 val=0.03665
11:44:48 step=30600 loss=0.02359 lr=2.00e-03 mode=passthrough t=6008s
11:45:08 step=30700 loss=0.03014 lr=2.00e-03 mode=passthrough t=6028s
11:45:27 step=30800 loss=0.02830 lr=2.00e-03 mode=all-discrete t=6047s
11:45:47 step=30900 loss=0.02849 lr=2.00e-03 mode=all-discrete t=6067s
11:46:06 step=31000 loss=0.02793 lr=2.00e-03 mode=all-discrete t=6086s
11:46:26 step=31100 loss=0.02759 lr=2.00e-03 mode=passthrough t=6106s
11:46:46 step=31200 loss=0.02850 lr=2.00e-03 mode=all-discrete t=6126s
11:47:05 step=31300 loss=0.03041 lr=2.00e-03 mode=all-discrete t=6146s
11:47:25 step=31400 loss=0.02708 lr=2.00e-03 mode=passthrough t=6165s
11:47:45 step=31500 loss=0.02808 lr=2.00e-03 mode=passthrough t=6185s
11:48:04 step=31600 loss=0.02755 lr=2.00e-03 mode=all-discrete t=6204s
11:48:24 step=31700 loss=0.02788 lr=2.00e-03 mode=all-discrete t=6224s
11:48:43 step=31800 loss=0.02916 lr=2.00e-03 mode=all-discrete t=6244s
11:49:03 step=31900 loss=0.02859 lr=2.00e-03 mode=all-discrete t=6263s
11:49:23 step=32000 loss=0.02996 lr=2.00e-03 mode=all-discrete t=6283s
11:49:42 step=32100 loss=0.03120 lr=2.00e-03 mode=all-discrete t=6302s
11:50:02 step=32200 loss=0.03032 lr=2.00e-03 mode=passthrough t=6322s
11:50:22 step=32300 loss=0.02733 lr=2.00e-03 mode=passthrough t=6342s
11:50:41 step=32400 loss=0.02898 lr=2.00e-03 mode=all-discrete t=6361s
11:51:01 step=32500 loss=0.02680 lr=2.00e-03 mode=all-discrete t=6381s
11:51:20 step=32600 loss=0.02991 lr=2.00e-03 mode=all-discrete t=6401s
11:51:40 step=32700 loss=0.02839 lr=2.00e-03 mode=passthrough t=6420s
11:52:00 step=32800 loss=0.03085 lr=2.00e-03 mode=all-discrete t=6440s
11:52:19 step=32900 loss=0.02707 lr=2.00e-03 mode=all-discrete t=6459s
11:52:39 step=33000 loss=0.02723 lr=2.00e-03 mode=passthrough t=6479s
11:52:58 step=33100 loss=0.03087 lr=2.00e-03 mode=passthrough t=6498s
11:53:18 step=33200 loss=0.02616 lr=2.00e-03 mode=passthrough t=6518s
11:53:38 step=33300 loss=0.02885 lr=2.00e-03 mode=all-discrete t=6538s
11:53:57 step=33400 loss=0.02753 lr=2.00e-03 mode=passthrough t=6558s
11:54:17 step=33500 loss=0.02442 lr=2.00e-03 mode=passthrough t=6577s
11:54:37 step=33600 loss=0.02573 lr=2.00e-03 mode=all-discrete t=6597s
11:54:42 VAL step=33624 epoch=366 val=0.03649
11:54:42   New best: 0.03649
11:54:57 step=33700 loss=0.02752 lr=2.00e-03 mode=all-discrete t=6617s
11:55:17 step=33800 loss=0.02614 lr=2.00e-03 mode=all-discrete t=6637s
11:55:36 step=33900 loss=0.02649 lr=2.00e-03 mode=passthrough t=6656s
11:55:56 step=34000 loss=0.02487 lr=2.00e-03 mode=passthrough t=6676s
11:56:15 step=34100 loss=0.03034 lr=2.00e-03 mode=all-discrete t=6696s
11:56:35 step=34200 loss=0.03140 lr=2.00e-03 mode=passthrough t=6715s
11:56:55 step=34300 loss=0.03090 lr=2.00e-03 mode=passthrough t=6735s
11:57:14 step=34400 loss=0.02687 lr=2.00e-03 mode=passthrough t=6754s
11:57:34 step=34500 loss=0.02950 lr=2.00e-03 mode=passthrough t=6774s
11:57:54 step=34600 loss=0.02754 lr=2.00e-03 mode=all-discrete t=6794s
11:58:13 step=34700 loss=0.03061 lr=2.00e-03 mode=all-discrete t=6813s
11:58:33 step=34800 loss=0.02388 lr=2.00e-03 mode=passthrough t=6833s
11:58:52 step=34900 loss=0.02583 lr=2.00e-03 mode=all-discrete t=6853s
11:59:12 step=35000 loss=0.03097 lr=2.00e-03 mode=passthrough t=6872s
11:59:32 step=35100 loss=0.02643 lr=2.00e-03 mode=passthrough t=6892s
11:59:51 step=35200 loss=0.02227 lr=2.00e-03 mode=passthrough t=6911s
12:00:11 step=35300 loss=0.02615 lr=2.00e-03 mode=passthrough t=6931s
12:00:30 step=35400 loss=0.02973 lr=2.00e-03 mode=passthrough t=6951s
12:00:50 step=35500 loss=0.02871 lr=2.00e-03 mode=passthrough t=6970s
12:01:10 step=35600 loss=0.02801 lr=2.00e-03 mode=all-discrete t=6990s
12:01:29 step=35700 loss=0.02930 lr=2.00e-03 mode=passthrough t=7010s
12:01:49 step=35800 loss=0.02989 lr=2.00e-03 mode=passthrough t=7029s
12:02:09 step=35900 loss=0.02928 lr=2.00e-03 mode=all-discrete t=7049s
12:02:28 step=36000 loss=0.02495 lr=2.00e-03 mode=passthrough t=7068s
12:02:48 step=36100 loss=0.03233 lr=2.00e-03 mode=passthrough t=7088s
12:03:07 step=36200 loss=0.02924 lr=2.00e-03 mode=all-discrete t=7107s
12:03:27 step=36300 loss=0.02823 lr=2.00e-03 mode=all-discrete t=7127s
12:03:47 step=36400 loss=0.02608 lr=2.00e-03 mode=all-discrete t=7147s
12:04:06 step=36500 loss=0.03109 lr=2.00e-03 mode=all-discrete t=7166s
12:04:26 step=36600 loss=0.03036 lr=2.00e-03 mode=passthrough t=7186s
12:04:42 VAL step=36679 epoch=399 val=0.03646
12:04:42   New best: 0.03646
12:04:46 step=36700 loss=0.02969 lr=2.00e-03 mode=passthrough t=7206s
12:05:06 step=36800 loss=0.02880 lr=2.00e-03 mode=passthrough t=7226s
12:05:26 step=36900 loss=0.02674 lr=2.00e-03 mode=all-discrete t=7246s
12:05:45 step=37000 loss=0.02958 lr=2.00e-03 mode=passthrough t=7265s
12:06:05 step=37100 loss=0.02808 lr=2.00e-03 mode=all-discrete t=7285s
12:06:25 step=37200 loss=0.02933 lr=2.00e-03 mode=all-discrete t=7305s
12:06:44 step=37300 loss=0.02747 lr=2.00e-03 mode=all-discrete t=7324s
12:07:04 step=37400 loss=0.02817 lr=2.00e-03 mode=passthrough t=7344s
12:07:23 step=37500 loss=0.02818 lr=2.00e-03 mode=all-discrete t=7363s
12:07:43 step=37600 loss=0.02963 lr=2.00e-03 mode=passthrough t=7383s
12:08:03 step=37700 loss=0.02632 lr=2.00e-03 mode=passthrough t=7403s
12:08:22 step=37800 loss=0.03015 lr=2.00e-03 mode=all-discrete t=7422s
12:08:42 step=37900 loss=0.02750 lr=2.00e-03 mode=all-discrete t=7442s
12:09:02 step=38000 loss=0.02872 lr=2.00e-03 mode=passthrough t=7462s
12:09:21 step=38100 loss=0.03065 lr=2.00e-03 mode=passthrough t=7481s
12:09:41 step=38200 loss=0.03098 lr=2.00e-03 mode=passthrough t=7501s
12:10:00 step=38300 loss=0.02770 lr=2.00e-03 mode=passthrough t=7520s
12:10:20 step=38400 loss=0.02757 lr=2.00e-03 mode=passthrough t=7540s
12:10:40 step=38500 loss=0.02784 lr=2.00e-03 mode=passthrough t=7560s
12:10:59 step=38600 loss=0.02389 lr=2.00e-03 mode=passthrough t=7579s
12:11:19 step=38700 loss=0.02867 lr=2.00e-03 mode=passthrough t=7599s
12:11:38 step=38800 loss=0.02972 lr=2.00e-03 mode=all-discrete t=7618s
12:11:58 step=38900 loss=0.02844 lr=2.00e-03 mode=all-discrete t=7638s
12:12:18 step=39000 loss=0.02640 lr=2.00e-03 mode=passthrough t=7658s
12:12:37 step=39100 loss=0.02472 lr=2.00e-03 mode=all-discrete t=7677s
12:12:57 step=39200 loss=0.02490 lr=2.00e-03 mode=all-discrete t=7697s
12:13:17 step=39300 loss=0.02618 lr=2.00e-03 mode=passthrough t=7717s
12:13:36 step=39400 loss=0.02839 lr=2.00e-03 mode=all-discrete t=7736s
12:13:56 step=39500 loss=0.02887 lr=2.00e-03 mode=passthrough t=7756s
12:14:15 step=39600 loss=0.02858 lr=2.00e-03 mode=all-discrete t=7776s
12:14:35 step=39700 loss=0.02687 lr=2.00e-03 mode=all-discrete t=7795s
12:14:42 VAL step=39733 epoch=432 val=0.03648
12:14:55 step=39800 loss=0.02474 lr=2.00e-03 mode=all-discrete t=7815s
12:15:15 step=39900 loss=0.02708 lr=2.00e-03 mode=passthrough t=7835s
12:15:34 step=40000 loss=0.02902 lr=2.00e-03 mode=all-discrete t=7854s
12:15:54 step=40100 loss=0.02701 lr=2.00e-03 mode=passthrough t=7874s
12:16:14 step=40200 loss=0.02742 lr=2.00e-03 mode=all-discrete t=7894s
12:16:33 step=40300 loss=0.02884 lr=2.00e-03 mode=passthrough t=7914s
12:16:53 step=40400 loss=0.02894 lr=2.00e-03 mode=all-discrete t=7933s
12:17:13 step=40500 loss=0.03032 lr=2.00e-03 mode=all-discrete t=7953s
12:17:32 step=40600 loss=0.02676 lr=2.00e-03 mode=all-discrete t=7972s
12:17:52 step=40700 loss=0.02802 lr=2.00e-03 mode=all-discrete t=7992s
12:18:12 step=40800 loss=0.02327 lr=2.00e-03 mode=passthrough t=8012s
12:18:31 step=40900 loss=0.03053 lr=2.00e-03 mode=all-discrete t=8031s
12:18:51 step=41000 loss=0.03212 lr=2.00e-03 mode=all-discrete t=8051s
12:19:10 step=41100 loss=0.03136 lr=2.00e-03 mode=all-discrete t=8070s
12:19:30 step=41200 loss=0.02544 lr=2.00e-03 mode=all-discrete t=8090s
12:19:50 step=41300 loss=0.02761 lr=2.00e-03 mode=passthrough t=8110s
12:20:09 step=41400 loss=0.02900 lr=2.00e-03 mode=all-discrete t=8129s
12:20:29 step=41500 loss=0.02550 lr=2.00e-03 mode=passthrough t=8149s
12:20:49 step=41600 loss=0.03042 lr=2.00e-03 mode=all-discrete t=8169s
12:21:08 step=41700 loss=0.02787 lr=2.00e-03 mode=passthrough t=8188s
12:21:28 step=41800 loss=0.03019 lr=2.00e-03 mode=passthrough t=8208s
12:21:48 step=41900 loss=0.02545 lr=2.00e-03 mode=all-discrete t=8228s
12:22:07 step=42000 loss=0.03144 lr=2.00e-03 mode=all-discrete t=8247s
12:22:27 step=42100 loss=0.02788 lr=2.00e-03 mode=all-discrete t=8267s
12:22:46 step=42200 loss=0.02553 lr=2.00e-03 mode=all-discrete t=8286s
12:23:06 step=42300 loss=0.02796 lr=2.00e-03 mode=passthrough t=8306s
12:23:26 step=42400 loss=0.02874 lr=2.00e-03 mode=passthrough t=8326s
12:23:45 step=42500 loss=0.02856 lr=2.00e-03 mode=all-discrete t=8345s
12:24:05 step=42600 loss=0.02538 lr=2.00e-03 mode=all-discrete t=8365s
12:24:25 step=42700 loss=0.02790 lr=2.00e-03 mode=all-discrete t=8385s
12:24:42 VAL step=42786 epoch=466 val=0.03642
12:24:42   New best: 0.03642
12:24:45 step=42800 loss=0.02590 lr=2.00e-03 mode=all-discrete t=8405s
12:25:05 step=42900 loss=0.02403 lr=2.00e-03 mode=passthrough t=8425s
12:25:24 step=43000 loss=0.02903 lr=2.00e-03 mode=passthrough t=8444s
12:25:44 step=43100 loss=0.02942 lr=2.00e-03 mode=passthrough t=8464s
12:26:03 step=43200 loss=0.02705 lr=2.00e-03 mode=all-discrete t=8484s
12:26:23 step=43300 loss=0.02722 lr=2.00e-03 mode=all-discrete t=8503s
12:26:43 step=43400 loss=0.02710 lr=2.00e-03 mode=passthrough t=8523s
12:27:02 step=43500 loss=0.02764 lr=2.00e-03 mode=all-discrete t=8542s
12:27:22 step=43600 loss=0.02590 lr=2.00e-03 mode=passthrough t=8562s
12:27:41 step=43700 loss=0.03011 lr=2.00e-03 mode=all-discrete t=8582s
12:28:01 step=43800 loss=0.02858 lr=2.00e-03 mode=passthrough t=8601s
12:28:21 step=43900 loss=0.02872 lr=2.00e-03 mode=all-discrete t=8621s
12:28:41 step=44000 loss=0.02591 lr=2.00e-03 mode=passthrough t=8641s
12:29:00 step=44100 loss=0.02730 lr=2.00e-03 mode=all-discrete t=8660s
12:29:20 step=44200 loss=0.03133 lr=2.00e-03 mode=all-discrete t=8680s
12:29:39 step=44300 loss=0.03109 lr=2.00e-03 mode=all-discrete t=8699s
12:29:59 step=44400 loss=0.02982 lr=2.00e-03 mode=passthrough t=8719s
12:30:19 step=44500 loss=0.03088 lr=2.00e-03 mode=passthrough t=8739s
12:30:38 step=44600 loss=0.02802 lr=2.00e-03 mode=passthrough t=8758s
12:30:58 step=44700 loss=0.02557 lr=2.00e-03 mode=passthrough t=8778s
12:31:17 step=44800 loss=0.02449 lr=2.00e-03 mode=all-discrete t=8798s
12:31:37 step=44900 loss=0.02635 lr=2.00e-03 mode=passthrough t=8817s
12:31:57 step=45000 loss=0.03035 lr=2.00e-03 mode=all-discrete t=8837s
12:32:16 step=45100 loss=0.02596 lr=2.00e-03 mode=passthrough t=8857s
12:32:36 step=45200 loss=0.02848 lr=2.00e-03 mode=passthrough t=8876s
12:32:56 step=45300 loss=0.02675 lr=2.00e-03 mode=passthrough t=8896s
12:33:15 step=45400 loss=0.02740 lr=2.00e-03 mode=all-discrete t=8915s
12:33:35 step=45500 loss=0.03053 lr=2.00e-03 mode=all-discrete t=8935s
12:33:54 step=45600 loss=0.02457 lr=2.00e-03 mode=passthrough t=8954s
12:34:14 step=45700 loss=0.02811 lr=2.00e-03 mode=all-discrete t=8974s
12:34:33 step=45800 loss=0.03143 lr=2.00e-03 mode=all-discrete t=8994s
12:34:42 VAL step=45841 epoch=499 val=0.03635
12:34:42   New best: 0.03635
12:34:54 step=45900 loss=0.02861 lr=2.00e-03 mode=all-discrete t=9014s
12:35:14 step=46000 loss=0.02817 lr=2.00e-03 mode=all-discrete t=9034s
12:35:33 step=46100 loss=0.02910 lr=2.00e-03 mode=passthrough t=9053s
12:35:53 step=46200 loss=0.02576 lr=2.00e-03 mode=passthrough t=9073s
12:36:13 step=46300 loss=0.02808 lr=2.00e-03 mode=all-discrete t=9093s
12:36:32 step=46400 loss=0.03042 lr=2.00e-03 mode=all-discrete t=9112s
12:36:52 step=46500 loss=0.03125 lr=2.00e-03 mode=all-discrete t=9132s
12:37:11 step=46600 loss=0.02659 lr=2.00e-03 mode=all-discrete t=9151s
12:37:31 step=46700 loss=0.02888 lr=2.00e-03 mode=all-discrete t=9171s
12:37:50 step=46800 loss=0.03127 lr=2.00e-03 mode=passthrough t=9191s
12:38:10 step=46900 loss=0.02636 lr=2.00e-03 mode=passthrough t=9210s
12:38:30 step=47000 loss=0.02991 lr=2.00e-03 mode=all-discrete t=9230s
12:38:49 step=47100 loss=0.03033 lr=2.00e-03 mode=passthrough t=9249s
12:39:09 step=47200 loss=0.02610 lr=2.00e-03 mode=passthrough t=9269s
12:39:29 step=47300 loss=0.03154 lr=2.00e-03 mode=all-discrete t=9289s
12:39:48 step=47400 loss=0.02639 lr=2.00e-03 mode=all-discrete t=9308s
12:40:08 step=47500 loss=0.03011 lr=2.00e-03 mode=passthrough t=9328s
12:40:27 step=47600 loss=0.03200 lr=2.00e-03 mode=passthrough t=9348s
12:40:47 step=47700 loss=0.02987 lr=2.00e-03 mode=passthrough t=9367s
12:41:07 step=47800 loss=0.03344 lr=2.00e-03 mode=passthrough t=9387s
12:41:26 step=47900 loss=0.05421 lr=2.00e-03 mode=all-discrete t=9406s
12:41:46 step=48000 loss=0.06709 lr=2.00e-03 mode=all-discrete t=9426s
12:42:05 step=48100 loss=0.16334 lr=2.00e-03 mode=passthrough t=9445s
12:42:25 step=48200 loss=0.36966 lr=2.00e-03 mode=passthrough t=9465s
12:42:44 step=48300 loss=0.36697 lr=2.00e-03 mode=all-discrete t=9485s
12:43:04 step=48400 loss=0.33723 lr=2.00e-03 mode=passthrough t=9504s
12:43:24 step=48500 loss=0.27629 lr=2.00e-03 mode=all-discrete t=9524s
12:43:43 step=48600 loss=0.19334 lr=2.00e-03 mode=passthrough t=9543s
12:44:03 step=48700 loss=0.17306 lr=2.00e-03 mode=all-discrete t=9563s
12:44:22 step=48800 loss=0.13878 lr=2.00e-03 mode=passthrough t=9583s
12:44:42 VAL step=48898 epoch=532 val=0.23210
12:44:43 step=48900 loss=0.26197 lr=2.00e-03 mode=all-discrete t=9603s
12:45:02 step=49000 loss=0.31690 lr=2.00e-03 mode=all-discrete t=9622s
12:45:22 step=49100 loss=0.27799 lr=2.00e-03 mode=all-discrete t=9642s
12:45:41 step=49200 loss=0.44727 lr=2.00e-03 mode=all-discrete t=9661s
12:46:01 step=49300 loss=0.26279 lr=2.00e-03 mode=passthrough t=9681s
12:46:20 step=49400 loss=0.26278 lr=2.00e-03 mode=all-discrete t=9700s
12:46:40 step=49500 loss=0.26456 lr=2.00e-03 mode=passthrough t=9720s
12:47:00 step=49600 loss=0.27888 lr=2.00e-03 mode=all-discrete t=9740s
12:47:19 step=49700 loss=0.24844 lr=2.00e-03 mode=all-discrete t=9759s
12:47:39 step=49800 loss=0.36654 lr=2.00e-03 mode=all-discrete t=9779s
12:47:58 step=49900 loss=0.36643 lr=2.00e-03 mode=passthrough t=9798s
12:48:18 step=50000 loss=0.37580 lr=2.00e-03 mode=all-discrete t=9818s
12:48:37 step=50100 loss=0.36612 lr=2.00e-03 mode=all-discrete t=9837s
12:48:57 step=50200 loss=0.37986 lr=2.00e-03 mode=passthrough t=9857s
12:49:16 step=50300 loss=0.36840 lr=2.00e-03 mode=all-discrete t=9876s
12:49:36 step=50400 loss=0.37339 lr=2.00e-03 mode=all-discrete t=9896s
12:49:55 step=50500 loss=0.35886 lr=2.00e-03 mode=all-discrete t=9916s
12:50:15 step=50600 loss=0.37805 lr=2.00e-03 mode=passthrough t=9935s
12:50:35 step=50700 loss=0.34565 lr=2.00e-03 mode=all-discrete t=9955s
12:50:54 step=50800 loss=0.35402 lr=2.00e-03 mode=all-discrete t=9974s
12:51:14 step=50900 loss=0.27826 lr=2.00e-03 mode=passthrough t=9994s
12:51:33 step=51000 loss=0.24861 lr=2.00e-03 mode=all-discrete t=10013s
12:51:53 step=51100 loss=0.24823 lr=2.00e-03 mode=all-discrete t=10033s
12:52:12 step=51200 loss=0.39269 lr=2.00e-03 mode=passthrough t=10053s
12:52:32 step=51300 loss=0.36682 lr=2.00e-03 mode=passthrough t=10072s
12:52:52 step=51400 loss=0.36051 lr=2.00e-03 mode=passthrough t=10092s
12:53:11 step=51500 loss=0.27793 lr=2.00e-03 mode=passthrough t=10111s
12:53:31 step=51600 loss=0.34293 lr=2.00e-03 mode=passthrough t=10131s
12:53:50 step=51700 loss=0.37131 lr=2.00e-03 mode=all-discrete t=10150s
12:54:10 step=51800 loss=0.28970 lr=2.00e-03 mode=passthrough t=10170s
12:54:29 step=51900 loss=0.27363 lr=2.00e-03 mode=all-discrete t=10189s
12:54:42 VAL step=51964 epoch=565 val=0.24564
12:54:49 step=52000 loss=0.25436 lr=2.00e-03 mode=all-discrete t=10210s
12:55:09 step=52100 loss=0.39921 lr=2.00e-03 mode=passthrough t=10229s
12:55:29 step=52200 loss=0.29408 lr=2.00e-03 mode=all-discrete t=10249s
12:55:48 step=52300 loss=0.26241 lr=2.00e-03 mode=all-discrete t=10268s
12:56:08 step=52400 loss=0.29043 lr=2.00e-03 mode=all-discrete t=10288s
12:56:27 step=52500 loss=0.28957 lr=2.00e-03 mode=passthrough t=10307s
12:56:47 step=52600 loss=0.26928 lr=2.00e-03 mode=all-discrete t=10327s
12:57:06 step=52700 loss=0.26473 lr=2.00e-03 mode=all-discrete t=10346s
12:57:26 step=52800 loss=0.27306 lr=2.00e-03 mode=passthrough t=10366s
12:57:45 step=52900 loss=0.28399 lr=2.00e-03 mode=passthrough t=10386s
12:58:05 step=53000 loss=0.29753 lr=2.00e-03 mode=passthrough t=10405s
12:58:25 step=53100 loss=0.36542 lr=2.00e-03 mode=passthrough t=10425s
12:58:44 step=53200 loss=0.29481 lr=2.00e-03 mode=all-discrete t=10444s
12:59:04 step=53300 loss=0.29024 lr=2.00e-03 mode=passthrough t=10464s
